<?xml version="1.0" encoding="utf-8"?><testsuites name="pytest tests"><testsuite name="pytest" errors="5" failures="0" skipped="2" tests="7" time="33.895" timestamp="2025-11-25T09:43:21.383664-03:00" hostname="kali"><testcase classname="" name="tests.test_agent_monitor" time="0.000"><error message="collection failure">.venv/lib/python3.12/site-packages/_pytest/python.py:507: in importtestmodule
    mod = import_path(
.venv/lib/python3.12/site-packages/_pytest/pathlib.py:587: in import_path
    importlib.import_module(module_name)
../../.pyenv/versions/3.12.8/lib/python3.12/importlib/__init__.py:90: in import_module
    return _bootstrap._gcd_import(name[level:], package, level)
           ^^^^^^^^^^^^^^^^^^^^^^^^^^^^^^^^^^^^^^^^^^^^^^^^^^^^
&lt;frozen importlib._bootstrap&gt;:1387: in _gcd_import
    ???
&lt;frozen importlib._bootstrap&gt;:1360: in _find_and_load
    ???
&lt;frozen importlib._bootstrap&gt;:1331: in _find_and_load_unlocked
    ???
&lt;frozen importlib._bootstrap&gt;:935: in _load_unlocked
    ???
.venv/lib/python3.12/site-packages/_pytest/assertion/rewrite.py:197: in exec_module
    exec(co, module.__dict__)
tests/test_agent_monitor.py:7: in &lt;module&gt;
    from web.backend.monitoring.agent_monitor import AgentMonitor
web/backend/monitoring/__init__.py:3: in &lt;module&gt;
    from .agent_monitor import AgentMonitor, agent_monitor
web/backend/monitoring/agent_monitor.py:13: in &lt;module&gt;
    from web.backend.routes.agents import AgentStatus, AgentType
E     File "/home/fahbrain/projects/omnimind/web/backend/routes/agents.py", line 141
E       metrics = agent_monitor.get_agent_metrics(agent_id)
E       ^^^^^^^
E   IndentationError: expected an indented block after 'try' statement on line 140</error></testcase><testcase classname="" name="tests.test_e2e_integration" time="0.000"><skipped message="collection skipped">('/home/fahbrain/projects/omnimind/tests/test_e2e_integration.py', 26, 'Skipped: Playwright not installed')</skipped></testcase><testcase classname="" name="tests.test_metrics_collector" time="0.000"><error message="collection failure">.venv/lib/python3.12/site-packages/_pytest/python.py:507: in importtestmodule
    mod = import_path(
.venv/lib/python3.12/site-packages/_pytest/pathlib.py:587: in import_path
    importlib.import_module(module_name)
../../.pyenv/versions/3.12.8/lib/python3.12/importlib/__init__.py:90: in import_module
    return _bootstrap._gcd_import(name[level:], package, level)
           ^^^^^^^^^^^^^^^^^^^^^^^^^^^^^^^^^^^^^^^^^^^^^^^^^^^^
&lt;frozen importlib._bootstrap&gt;:1387: in _gcd_import
    ???
&lt;frozen importlib._bootstrap&gt;:1360: in _find_and_load
    ???
&lt;frozen importlib._bootstrap&gt;:1331: in _find_and_load_unlocked
    ???
&lt;frozen importlib._bootstrap&gt;:935: in _load_unlocked
    ???
.venv/lib/python3.12/site-packages/_pytest/assertion/rewrite.py:197: in exec_module
    exec(co, module.__dict__)
tests/test_metrics_collector.py:5: in &lt;module&gt;
    from web.backend.monitoring.metrics_collector import MetricsCollector
web/backend/monitoring/__init__.py:3: in &lt;module&gt;
    from .agent_monitor import AgentMonitor, agent_monitor
web/backend/monitoring/agent_monitor.py:13: in &lt;module&gt;
    from web.backend.routes.agents import AgentStatus, AgentType
E     File "/home/fahbrain/projects/omnimind/web/backend/routes/agents.py", line 141
E       metrics = agent_monitor.get_agent_metrics(agent_id)
E       ^^^^^^^
E   IndentationError: expected an indented block after 'try' statement on line 140</error></testcase><testcase classname="" name="tests.test_performance_tracker" time="0.000"><error message="collection failure">.venv/lib/python3.12/site-packages/_pytest/python.py:507: in importtestmodule
    mod = import_path(
.venv/lib/python3.12/site-packages/_pytest/pathlib.py:587: in import_path
    importlib.import_module(module_name)
../../.pyenv/versions/3.12.8/lib/python3.12/importlib/__init__.py:90: in import_module
    return _bootstrap._gcd_import(name[level:], package, level)
           ^^^^^^^^^^^^^^^^^^^^^^^^^^^^^^^^^^^^^^^^^^^^^^^^^^^^
&lt;frozen importlib._bootstrap&gt;:1387: in _gcd_import
    ???
&lt;frozen importlib._bootstrap&gt;:1360: in _find_and_load
    ???
&lt;frozen importlib._bootstrap&gt;:1331: in _find_and_load_unlocked
    ???
&lt;frozen importlib._bootstrap&gt;:935: in _load_unlocked
    ???
.venv/lib/python3.12/site-packages/_pytest/assertion/rewrite.py:197: in exec_module
    exec(co, module.__dict__)
tests/test_performance_tracker.py:8: in &lt;module&gt;
    from web.backend.monitoring.performance_tracker import PerformanceTracker
web/backend/monitoring/__init__.py:3: in &lt;module&gt;
    from .agent_monitor import AgentMonitor, agent_monitor
web/backend/monitoring/agent_monitor.py:13: in &lt;module&gt;
    from web.backend.routes.agents import AgentStatus, AgentType
E     File "/home/fahbrain/projects/omnimind/web/backend/routes/agents.py", line 141
E       metrics = agent_monitor.get_agent_metrics(agent_id)
E       ^^^^^^^
E   IndentationError: expected an indented block after 'try' statement on line 140</error></testcase><testcase classname="" name="tests.test_phase8_backend_enhancements" time="0.000"><error message="collection failure">.venv/lib/python3.12/site-packages/_pytest/python.py:507: in importtestmodule
    mod = import_path(
.venv/lib/python3.12/site-packages/_pytest/pathlib.py:587: in import_path
    importlib.import_module(module_name)
../../.pyenv/versions/3.12.8/lib/python3.12/importlib/__init__.py:90: in import_module
    return _bootstrap._gcd_import(name[level:], package, level)
           ^^^^^^^^^^^^^^^^^^^^^^^^^^^^^^^^^^^^^^^^^^^^^^^^^^^^
&lt;frozen importlib._bootstrap&gt;:1387: in _gcd_import
    ???
&lt;frozen importlib._bootstrap&gt;:1360: in _find_and_load
    ???
&lt;frozen importlib._bootstrap&gt;:1331: in _find_and_load_unlocked
    ???
&lt;frozen importlib._bootstrap&gt;:935: in _load_unlocked
    ???
.venv/lib/python3.12/site-packages/_pytest/assertion/rewrite.py:197: in exec_module
    exec(co, module.__dict__)
tests/test_phase8_backend_enhancements.py:12: in &lt;module&gt;
    from web.backend.main import app
web/backend/main.py:728: in &lt;module&gt;
    from web.backend.routes import tasks, agents, security, metacognition, health
web/backend/routes/tasks.py:20: in &lt;module&gt;
    from web.backend.monitoring import performance_tracker
web/backend/monitoring/__init__.py:3: in &lt;module&gt;
    from .agent_monitor import AgentMonitor, agent_monitor
web/backend/monitoring/agent_monitor.py:13: in &lt;module&gt;
    from web.backend.routes.agents import AgentStatus, AgentType
E     File "/home/fahbrain/projects/omnimind/web/backend/routes/agents.py", line 141
E       metrics = agent_monitor.get_agent_metrics(agent_id)
E       ^^^^^^^
E   IndentationError: expected an indented block after 'try' statement on line 140</error></testcase><testcase classname="" name="tests.test_task_tracking" time="0.000"><error message="collection failure">.venv/lib/python3.12/site-packages/_pytest/python.py:507: in importtestmodule
    mod = import_path(
.venv/lib/python3.12/site-packages/_pytest/pathlib.py:587: in import_path
    importlib.import_module(module_name)
../../.pyenv/versions/3.12.8/lib/python3.12/importlib/__init__.py:90: in import_module
    return _bootstrap._gcd_import(name[level:], package, level)
           ^^^^^^^^^^^^^^^^^^^^^^^^^^^^^^^^^^^^^^^^^^^^^^^^^^^^
&lt;frozen importlib._bootstrap&gt;:1387: in _gcd_import
    ???
&lt;frozen importlib._bootstrap&gt;:1360: in _find_and_load
    ???
&lt;frozen importlib._bootstrap&gt;:1331: in _find_and_load_unlocked
    ???
&lt;frozen importlib._bootstrap&gt;:935: in _load_unlocked
    ???
.venv/lib/python3.12/site-packages/_pytest/assertion/rewrite.py:197: in exec_module
    exec(co, module.__dict__)
tests/test_task_tracking.py:9: in &lt;module&gt;
    from web.backend.routes import tasks
web/backend/routes/tasks.py:20: in &lt;module&gt;
    from web.backend.monitoring import performance_tracker
web/backend/monitoring/__init__.py:3: in &lt;module&gt;
    from .agent_monitor import AgentMonitor, agent_monitor
web/backend/monitoring/agent_monitor.py:13: in &lt;module&gt;
    from web.backend.routes.agents import AgentStatus, AgentType
E     File "/home/fahbrain/projects/omnimind/web/backend/routes/agents.py", line 141
E       metrics = agent_monitor.get_agent_metrics(agent_id)
E       ^^^^^^^
E   IndentationError: expected an indented block after 'try' statement on line 140</error></testcase><testcase classname="" name="tests.test_visual_regression" time="0.000"><skipped message="collection skipped">('/home/fahbrain/projects/omnimind/tests/test_visual_regression.py', 20, 'Skipped: Visual testing dependencies not installed (playwright, PIL)')</skipped></testcase></testsuite></testsuites>