src/tools/ast_parser.py:30: error: Name "Optional" is not defined  [name-defined]
src/tools/ast_parser.py:30: note: Did you forget to import it from "typing"? (Suggestion: "from typing import Optional")
src/tools/ast_parser.py:31: error: Name "List" is not defined  [name-defined]
src/tools/ast_parser.py:31: note: Did you forget to import it from "typing"? (Suggestion: "from typing import List")
src/tools/ast_parser.py:32: error: Name "Optional" is not defined  [name-defined]
src/tools/ast_parser.py:32: note: Did you forget to import it from "typing"? (Suggestion: "from typing import Optional")
src/tools/ast_parser.py:33: error: Name "List" is not defined  [name-defined]
src/tools/ast_parser.py:33: note: Did you forget to import it from "typing"? (Suggestion: "from typing import List")
src/tools/ast_parser.py:34: error: Name "List" is not defined  [name-defined]
src/tools/ast_parser.py:34: note: Did you forget to import it from "typing"? (Suggestion: "from typing import List")
src/tools/ast_parser.py:42: error: Name "List" is not defined  [name-defined]
src/tools/ast_parser.py:42: note: Did you forget to import it from "typing"? (Suggestion: "from typing import List")
src/tools/ast_parser.py:43: error: Name "List" is not defined  [name-defined]
src/tools/ast_parser.py:43: note: Did you forget to import it from "typing"? (Suggestion: "from typing import List")
src/tools/ast_parser.py:44: error: Name "List" is not defined  [name-defined]
src/tools/ast_parser.py:44: note: Did you forget to import it from "typing"? (Suggestion: "from typing import List")
src/tools/ast_parser.py:45: error: Name "List" is not defined  [name-defined]
src/tools/ast_parser.py:45: note: Did you forget to import it from "typing"? (Suggestion: "from typing import List")
src/tools/ast_parser.py:46: error: Name "Set" is not defined  [name-defined]
src/tools/ast_parser.py:46: note: Did you forget to import it from "typing"? (Suggestion: "from typing import Set")
src/tools/ast_parser.py:57: error: Name "Optional" is not defined  [name-defined]
src/tools/ast_parser.py:57: note: Did you forget to import it from "typing"? (Suggestion: "from typing import Optional")
src/tools/ast_parser.py:220: error: Name "Optional" is not defined  [name-defined]
src/tools/ast_parser.py:220: note: Did you forget to import it from "typing"? (Suggestion: "from typing import Optional")
src/tools/ast_parser.py:236: error: Name "List" is not defined  [name-defined]
src/tools/ast_parser.py:236: note: Did you forget to import it from "typing"? (Suggestion: "from typing import List")
src/tools/ast_parser.py:248: error: Name "List" is not defined  [name-defined]
src/tools/ast_parser.py:248: note: Did you forget to import it from "typing"? (Suggestion: "from typing import List")
src/tools/ast_parser.py:263: error: Name "List" is not defined  [name-defined]
src/tools/ast_parser.py:263: note: Did you forget to import it from "typing"? (Suggestion: "from typing import List")
src/tools/ast_parser.py:275: error: Name "List" is not defined  [name-defined]
src/tools/ast_parser.py:275: note: Did you forget to import it from "typing"? (Suggestion: "from typing import List")
src/tools/ast_parser.py:292: error: Name "List" is not defined  [name-defined]
src/tools/ast_parser.py:292: note: Did you forget to import it from "typing"? (Suggestion: "from typing import List")
src/tools/ast_parser.py:292: error: Name "Optional" is not defined  [name-defined]
src/tools/ast_parser.py:292: note: Did you forget to import it from "typing"? (Suggestion: "from typing import Optional")
src/tools/ast_parser.py:293: error: Name "Optional" is not defined  [name-defined]
src/tools/ast_parser.py:293: note: Did you forget to import it from "typing"? (Suggestion: "from typing import Optional")
src/tools/ast_parser.py:329: error: Name "List" is not defined  [name-defined]
src/tools/ast_parser.py:329: note: Did you forget to import it from "typing"? (Suggestion: "from typing import List")
src/tools/ast_parser.py:339: error: Name "List" is not defined  [name-defined]
src/tools/ast_parser.py:339: note: Did you forget to import it from "typing"? (Suggestion: "from typing import List")
src/security/integrity_validator.py:49: error: Name "Optional" is not defined  [name-defined]
src/security/integrity_validator.py:49: note: Did you forget to import it from "typing"? (Suggestion: "from typing import Optional")
src/security/integrity_validator.py:50: error: Name "Optional" is not defined  [name-defined]
src/security/integrity_validator.py:50: note: Did you forget to import it from "typing"? (Suggestion: "from typing import Optional")
src/security/integrity_validator.py:51: error: Name "Optional" is not defined  [name-defined]
src/security/integrity_validator.py:51: note: Did you forget to import it from "typing"? (Suggestion: "from typing import Optional")
src/security/integrity_validator.py:52: error: Name "Optional" is not defined  [name-defined]
src/security/integrity_validator.py:52: note: Did you forget to import it from "typing"? (Suggestion: "from typing import Optional")
src/security/integrity_validator.py:53: error: Name "Optional" is not defined  [name-defined]
src/security/integrity_validator.py:53: note: Did you forget to import it from "typing"? (Suggestion: "from typing import Optional")
src/security/integrity_validator.py:54: error: Name "Optional" is not defined  [name-defined]
src/security/integrity_validator.py:54: note: Did you forget to import it from "typing"? (Suggestion: "from typing import Optional")
src/security/integrity_validator.py:56: error: Name "List" is not defined  [name-defined]
src/security/integrity_validator.py:56: note: Did you forget to import it from "typing"? (Suggestion: "from typing import List")
src/security/integrity_validator.py:73: error: Name "List" is not defined  [name-defined]
src/security/integrity_validator.py:73: note: Did you forget to import it from "typing"? (Suggestion: "from typing import List")
src/security/integrity_validator.py:74: error: Name "List" is not defined  [name-defined]
src/security/integrity_validator.py:74: note: Did you forget to import it from "typing"? (Suggestion: "from typing import List")
src/security/integrity_validator.py:75: error: Name "List" is not defined  [name-defined]
src/security/integrity_validator.py:75: note: Did you forget to import it from "typing"? (Suggestion: "from typing import List")
src/security/integrity_validator.py:93: error: Name "Optional" is not defined  [name-defined]
src/security/integrity_validator.py:93: note: Did you forget to import it from "typing"? (Suggestion: "from typing import Optional")
src/security/integrity_validator.py:93: error: Name "Any" is not defined  [name-defined]
src/security/integrity_validator.py:93: note: Did you forget to import it from "typing"? (Suggestion: "from typing import Any")
src/security/integrity_validator.py:94: error: Name "Optional" is not defined  [name-defined]
src/security/integrity_validator.py:94: note: Did you forget to import it from "typing"? (Suggestion: "from typing import Optional")
src/security/integrity_validator.py:95: error: Name "Optional" is not defined  [name-defined]
src/security/integrity_validator.py:95: note: Did you forget to import it from "typing"? (Suggestion: "from typing import Optional")
src/security/integrity_validator.py:162: error: Name "Dict" is not defined  [name-defined]
src/security/integrity_validator.py:162: note: Did you forget to import it from "typing"? (Suggestion: "from typing import Dict")
src/security/integrity_validator.py:162: error: Name "Any" is not defined  [name-defined]
src/security/integrity_validator.py:162: note: Did you forget to import it from "typing"? (Suggestion: "from typing import Any")
src/security/integrity_validator.py:177: error: Name "Dict" is not defined  [name-defined]
src/security/integrity_validator.py:177: note: Did you forget to import it from "typing"? (Suggestion: "from typing import Dict")
src/security/integrity_validator.py:285: error: Name "Optional" is not defined  [name-defined]
src/security/integrity_validator.py:285: note: Did you forget to import it from "typing"? (Suggestion: "from typing import Optional")
src/security/integrity_validator.py:388: error: Name "Dict" is not defined  [name-defined]
src/security/integrity_validator.py:388: note: Did you forget to import it from "typing"? (Suggestion: "from typing import Dict")
src/security/integrity_validator.py:388: error: Name "Any" is not defined  [name-defined]
src/security/integrity_validator.py:388: note: Did you forget to import it from "typing"? (Suggestion: "from typing import Any")
src/security/integrity_validator.py:400: error: Name "List" is not defined  [name-defined]
src/security/integrity_validator.py:400: note: Did you forget to import it from "typing"? (Suggestion: "from typing import List")
src/security/integrity_validator.py:400: error: Name "Dict" is not defined  [name-defined]
src/security/integrity_validator.py:400: note: Did you forget to import it from "typing"? (Suggestion: "from typing import Dict")
src/security/integrity_validator.py:400: error: Name "Any" is not defined  [name-defined]
src/security/integrity_validator.py:400: note: Did you forget to import it from "typing"? (Suggestion: "from typing import Any")
src/security/integrity_validator.py:410: error: Name "List" is not defined  [name-defined]
src/security/integrity_validator.py:410: note: Did you forget to import it from "typing"? (Suggestion: "from typing import List")
src/security/integrity_validator.py:433: error: Name "Dict" is not defined  [name-defined]
src/security/integrity_validator.py:433: note: Did you forget to import it from "typing"? (Suggestion: "from typing import Dict")
src/security/integrity_validator.py:433: error: Name "Any" is not defined  [name-defined]
src/security/integrity_validator.py:433: note: Did you forget to import it from "typing"? (Suggestion: "from typing import Any")
src/security/integrity_validator.py:471: error: Name "Dict" is not defined  [name-defined]
src/security/integrity_validator.py:471: note: Did you forget to import it from "typing"? (Suggestion: "from typing import Dict")
src/security/integrity_validator.py:471: error: Name "Any" is not defined  [name-defined]
src/security/integrity_validator.py:471: note: Did you forget to import it from "typing"? (Suggestion: "from typing import Any")
src/security/integrity_validator.py:542: error: Name "List" is not defined  [name-defined]
src/security/integrity_validator.py:542: note: Did you forget to import it from "typing"? (Suggestion: "from typing import List")
src/security/integrity_validator.py:608: error: Name "Tuple" is not defined  [name-defined]
src/security/integrity_validator.py:608: note: Did you forget to import it from "typing"? (Suggestion: "from typing import Tuple")
src/security/integrity_validator.py:608: error: Name "List" is not defined  [name-defined]
src/security/integrity_validator.py:608: note: Did you forget to import it from "typing"? (Suggestion: "from typing import List")
src/security/integrity_validator.py:692: error: Name "Optional" is not defined  [name-defined]
src/security/integrity_validator.py:692: note: Did you forget to import it from "typing"? (Suggestion: "from typing import Optional")
src/security/integrity_validator.py:700: error: Returning Any from function declared to return "IntegrityValidator"  [no-any-return]
src/security/integrity_validator.py:703: error: Name "Dict" is not defined  [name-defined]
src/security/integrity_validator.py:703: note: Did you forget to import it from "typing"? (Suggestion: "from typing import Dict")
src/security/integrity_validator.py:703: error: Name "Any" is not defined  [name-defined]
src/security/integrity_validator.py:703: note: Did you forget to import it from "typing"? (Suggestion: "from typing import Any")
src/security/integrity_validator.py:711: error: Name "Dict" is not defined  [name-defined]
src/security/integrity_validator.py:711: note: Did you forget to import it from "typing"? (Suggestion: "from typing import Dict")
src/security/integrity_validator.py:711: error: Name "Any" is not defined  [name-defined]
src/security/integrity_validator.py:711: note: Did you forget to import it from "typing"? (Suggestion: "from typing import Any")
src/security/geo_distributed_backup.py:547: error: "object" has no attribute "append"  [attr-defined]
src/security/geo_distributed_backup.py:632: error: Incompatible types in assignment (expression has type "BackupRegion | None", variable has type "BackupRegion")  [assignment]
src/security/forensics_system.py:418: error: Function is missing a return type annotation  [no-untyped-def]
src/security/forensics_system.py:418: note: Use "-> None" if function does not return a value
src/security/forensics_system.py:480: error: "object" has no attribute "append"  [attr-defined]
src/security/forensics_system.py:488: error: Unsupported operand types for + ("object" and "int")  [operator]
src/security/forensics_system.py:494: error: "object" has no attribute "append"  [attr-defined]
src/security/forensics_system.py:502: error: Unsupported operand types for + ("object" and "int")  [operator]
src/security/forensics_system.py:506: error: "object" has no attribute "append"  [attr-defined]
src/security/forensics_system.py:511: error: "object" has no attribute "append"  [attr-defined]
src/security/forensics_system.py:514: error: "object" has no attribute "append"  [attr-defined]
src/security/forensics_system.py:516: error: Unsupported operand types for < ("int" and "object")  [operator]
src/security/forensics_system.py:517: error: "object" has no attribute "append"  [attr-defined]
src/security/forensics_system.py:631: error: Function is missing a type annotation for one or more arguments  [no-untyped-def]
src/security/forensics_system.py:646: error: Call to untyped function "LogAnalyzer" in typed context  [no-untyped-call]
src/security/forensics_system.py:817: error: "Collection[str]" has no attribute "append"  [attr-defined]
src/security/forensics_system.py:821: error: Incompatible types in assignment (expression has type "str", variable has type "dict[str, Any]")  [assignment]
src/security/forensics_system.py:826: error: Incompatible types in assignment (expression has type "list[dict[str, Any]]", target has type "Collection[str]")  [assignment]
src/security/forensics_system.py:830: error: "str" has no attribute "get"  [attr-defined]
src/security/forensics_system.py:833: error: Generator has incompatible item type "int"; expected "bool"  [misc]
src/security/forensics_system.py:833: error: "str" has no attribute "get"  [attr-defined]
src/security/forensics_system.py:848: error: Incompatible types in assignment (expression has type "Collection[str]", variable has type "list[str]")  [assignment]
src/security/forensics_system.py:858: error: Value of type "Collection[str]" is not indexable  [index]
src/security/forensics_system.py:859: error: Value of type "Collection[str]" is not indexable  [index]
src/security/forensics_system.py:865: error: Value of type "Collection[str]" is not indexable  [index]
src/security/forensics_system.py:1220: error: Returning Any from function declared to return "ForensicsReport"  [no-any-return]
src/security/forensics_system.py:1220: error: "ForensicsSystem" has no attribute "generate_forensics_report"  [attr-defined]
src/security/api_documentation.py:596: error: Unsupported target for indexed assignment ("Collection[Collection[str]]")  [index]
src/security/api_documentation.py:598: error: Value of type "Collection[Collection[str]]" is not indexable  [index]
src/security/api_documentation.py:1061: error: Unsupported target for indexed assignment ("Collection[str]")  [index]
src/security/api_documentation.py:1067: error: "Sequence[str]" has no attribute "append"  [attr-defined]
src/security/api_documentation.py:1069: error: "object" has no attribute "append"  [attr-defined]
src/quantum_ai/superposition_computing.py:69: error: Function is missing a return type annotation  [no-untyped-def]
src/quantum_ai/superposition_computing.py:69: note: Use "-> None" if function does not return a value
src/quantum_ai/superposition_computing.py:146: error: Function is missing a return type annotation  [no-untyped-def]
src/quantum_ai/superposition_computing.py:146: note: Use "-> None" if function does not return a value
src/quantum_ai/superposition_computing.py:209: error: Function is missing a return type annotation  [no-untyped-def]
src/quantum_ai/superposition_computing.py:209: note: Use "-> None" if function does not return a value
src/quantum_ai/quantum_optimizer.py:169: error: Missing type parameters for generic type "Callable"  [type-arg]
src/quantum_ai/quantum_optimizer.py:216: error: Missing type parameters for generic type "Callable"  [type-arg]
src/quantum_ai/quantum_optimizer.py:320: error: Missing type parameters for generic type "Callable"  [type-arg]
src/metacognition/self_optimization.py:379: error: Incompatible return value type (got "Configuration | None", expected "Configuration")  [return-value]
src/metacognition/self_analysis.py:42: error: Returning Any from function declared to return "list[dict[str, Any]]"  [no-any-return]
src/metacognition/self_analysis.py:72: error: Need type annotation for "tool_usage" (hint: "tool_usage: dict[<type>, <type>] = ...")  [var-annotated]
src/metacognition/self_analysis.py:73: error: Need type annotation for "agent_usage" (hint: "agent_usage: dict[<type>, <type>] = ...")  [var-annotated]
src/metacognition/self_analysis.py:117: error: Need type annotation for "execution_times" (hint: "execution_times: dict[<type>, <type>] = ...")  [var-annotated]
src/metacognition/self_analysis.py:160: error: Need type annotation for "failure_by_tool" (hint: "failure_by_tool: dict[<type>, <type>] = ...")  [var-annotated]
src/metacognition/self_analysis.py:161: error: Need type annotation for "failure_by_error" (hint: "failure_by_error: dict[<type>, <type>] = ...")  [var-annotated]
src/metacognition/root_cause_analysis.py:533: error: Item "None" of "Component | None" has no attribute "name"  [union-attr]
src/metacognition/pattern_recognition.py:72: error: Argument "key" to "sort" of "list" has incompatible type "Callable[[dict[str, object]], object]"; expected "Callable[[dict[str, object]], SupportsDunderLT[Any] | SupportsDunderGT[Any]]"  [arg-type]
src/metacognition/pattern_recognition.py:72: error: Incompatible return value type (got "object", expected "SupportsDunderLT[Any] | SupportsDunderGT[Any]")  [return-value]
src/metacognition/issue_prediction.py:133: error: Module has no attribute "arange"  [attr-defined]
src/metacognition/issue_prediction.py:134: error: Module has no attribute "array"; maybe "ndarray"?  [attr-defined]
src/metacognition/issue_prediction.py:137: error: Module has no attribute "sum"  [attr-defined]
src/metacognition/issue_prediction.py:138: error: Module has no attribute "sum"  [attr-defined]
src/metacognition/issue_prediction.py:139: error: Module has no attribute "sum"  [attr-defined]
src/metacognition/issue_prediction.py:140: error: Module has no attribute "sum"  [attr-defined]
src/metacognition/iit_metrics.py:30: error: Missing type parameters for generic type "ndarray"  [type-arg]
src/metacognition/iit_metrics.py:32: error: Returning Any from function declared to return "ndarray[Any]"  [no-any-return]
src/metacognition/iit_metrics.py:32: error: Module has no attribute "array"; maybe "ndarray"?  [attr-defined]
src/metacognition/iit_metrics.py:38: error: Module has no attribute "sum"  [attr-defined]
src/metacognition/iit_metrics.py:121: error: Need type annotation for "key"  [var-annotated]
src/metacognition/iit_metrics.py:121: error: Argument 1 to "tuple" has incompatible type "ndarray[Any]"; expected "Iterable[Never]"  [arg-type]
src/metacognition/iit_metrics.py:129: error: Module has no attribute "log2"  [attr-defined]
src/metacognition/iit_metrics.py:250: error: Argument 1 to "tuple" has incompatible type "ndarray[Any]"; expected "Iterable[Never]"  [arg-type]
src/metacognition/iit_metrics.py:258: error: Returning Any from function declared to return "float"  [no-any-return]
src/metacognition/iit_metrics.py:296: error: Argument 1 to "tuple" has incompatible type "ndarray[Any]"; expected "Iterable[Never]"  [arg-type]
src/metacognition/iit_metrics.py:305: error: Returning Any from function declared to return "float"  [no-any-return]
src/metacognition/iit_metrics.py:429: error: Module has no attribute "arange"  [attr-defined]
src/metacognition/iit_metrics.py:430: error: Module has no attribute "polyfit"  [attr-defined]
src/metacognition/iit_metrics.py:431: error: Module has no attribute "polyfit"  [attr-defined]
src/metacognition/iit_metrics.py:446: error: Module has no attribute "mean"  [attr-defined]
src/metacognition/iit_metrics.py:447: error: Module has no attribute "std"  [attr-defined]
src/metacognition/iit_metrics.py:448: error: Module has no attribute "mean"  [attr-defined]
src/metacognition/iit_metrics.py:449: error: Module has no attribute "std"  [attr-defined]
src/integrations/mcp_client_enhanced.py:312: error: Incompatible types in assignment (expression has type "float", variable has type "int")  [assignment]
src/integrations/mcp_client_enhanced.py:328: error: Incompatible types in assignment (expression has type "float", variable has type "int")  [assignment]
src/security/hsm_manager.py:40: error: Function is missing a return type annotation  [no-untyped-def]
src/security/hsm_manager.py:40: note: Use "-> None" if function does not return a value
src/security/hsm_manager.py:275: error: Returning Any from function declared to return "KeyMetadata | None"  [no-any-return]
src/security/hsm_manager.py:393: error: Call to untyped function "HSMManager" in typed context  [no-untyped-call]
src/metacognition/metacognition_agent.py:212: error: Returning Any from function declared to return "list[dict[str, Any]]"  [no-any-return]
src/metacognition/metacognition_agent.py:218: error: Returning Any from function declared to return "list[dict[str, Any]]"  [no-any-return]
src/metacognition/intelligent_goal_generation.py:219: error: Function is missing a return type annotation  [no-untyped-def]
src/metacognition/intelligent_goal_generation.py:219: note: Use "-> None" if function does not return a value
src/metacognition/intelligent_goal_generation.py:357: error: Call to untyped function "ImpactPredictor" in typed context  [no-untyped-call]
src/security/config_validator.py:405: error: Argument 2 to "isinstance" has incompatible type "object"; expected "_ClassInfo"  [arg-type]
src/security/config_validator.py:476: error: Need type annotation for "suggestions" (hint: "suggestions: list[<type>] = ...")  [var-annotated]
src/security/config_validator.py:538: error: "object" has no attribute "__iter__"; maybe "__dir__" or "__str__"? (not iterable)  [attr-defined]
src/security/config_validator.py:590: error: Unsupported target for indexed assignment ("Collection[str]")  [index]
src/security/config_validator.py:596: error: Unsupported target for indexed assignment ("Collection[str]")  [index]
src/security/config_validator.py:602: error: Unsupported target for indexed assignment ("Collection[str]")  [index]
src/security/config_validator.py:608: error: Unsupported target for indexed assignment ("Collection[str]")  [index]
src/security/config_validator.py:614: error: Unsupported target for indexed assignment ("Collection[str]")  [index]
src/security/config_validator.py:642: error: "object" has no attribute "append"  [attr-defined]
src/security/config_validator.py:647: error: "object" has no attribute "append"  [attr-defined]
src/security/config_validator.py:649: error: "object" has no attribute "append"  [attr-defined]
src/security/config_validator.py:673: error: "object" has no attribute "append"  [attr-defined]
src/security/config_validator.py:675: error: "object" has no attribute "append"  [attr-defined]
src/security/config_validator.py:679: error: "object" has no attribute "append"  [attr-defined]
src/security/config_validator.py:681: error: "object" has no attribute "append"  [attr-defined]
src/security/config_validator.py:700: error: "object" has no attribute "append"  [attr-defined]
src/security/config_validator.py:702: error: "object" has no attribute "append"  [attr-defined]
src/security/config_validator.py:717: error: "object" has no attribute "append"  [attr-defined]
src/security/config_validator.py:722: error: "object" has no attribute "append"  [attr-defined]
src/security/config_validator.py:743: error: "object" has no attribute "append"  [attr-defined]
src/security/config_validator.py:748: error: "object" has no attribute "append"  [attr-defined]
src/optimization/memory_optimization.py:163: error: Function is missing a return type annotation  [no-untyped-def]
src/optimization/memory_optimization.py:163: note: Use "-> None" if function does not return a value
src/optimization/memory_optimization.py:354: error: Incompatible types in assignment (expression has type "int", target has type "dict[str, int]")  [assignment]
src/optimization/memory_optimization.py:442: error: Function is missing a return type annotation  [no-untyped-def]
src/optimization/memory_optimization.py:442: note: Use "-> None" if function does not return a value
src/optimization/memory_optimization.py:444: error: Call to untyped function "MemoryAllocator" in typed context  [no-untyped-call]
src/integrations/dbus_controller.py:6: error: Unused "type: ignore" comment  [unused-ignore]
src/integrations/dbus_controller.py:197: error: "object" has no attribute "append"  [attr-defined]
src/ethics/ml_ethics_engine.py:235: error: Need type annotation for "framework_accuracy"  [var-annotated]
src/testing/chaos_engineering.py:138: error: Returning Any from function declared to return "Exception | None"  [no-any-return]
src/testing/chaos_engineering.py:315: error: Function is missing a return type annotation  [no-untyped-def]
src/testing/chaos_engineering.py:324: error: Missing type parameters for generic type "Callable"  [type-arg]
src/testing/chaos_engineering.py:327: error: Function is missing a type annotation  [no-untyped-def]
src/testing/chaos_engineering.py:331: error: Function is missing a type annotation  [no-untyped-def]
src/scaling/distributed_transactions.py:280: error: Argument 1 to "wait_for" has incompatible type "bool"; expected "Future[bool] | Generator[Any, None, bool] | Awaitable[bool]"  [arg-type]
src/scaling/distributed_transactions.py:313: error: Argument 1 to "wait_for" has incompatible type "bool"; expected "Future[bool] | Generator[Any, None, bool] | Awaitable[bool]"  [arg-type]
src/scaling/distributed_transactions.py:358: error: Argument 1 to "wait_for" has incompatible type "None"; expected "Future[Never] | Generator[Any, None, Never] | Awaitable[Never]"  [arg-type]
src/scaling/distributed_transactions.py:427: error: Cannot infer type of lambda  [misc]
src/scaling/distributed_transactions.py:429: error: Unused "type: ignore" comment  [unused-ignore]
src/scaling/distributed_transactions.py:504: error: Function does not return a value (it only ever returns None)  [func-returns-value]
src/daemon/omnimind_daemon.py:32: error: Module has no attribute "configure"  [attr-defined]
src/agents/agent_protocol.py:21: error: Name "logging" is not defined  [name-defined]
src/security/security_monitor.py:93: error: Function is missing a type annotation for one or more arguments  [no-untyped-def]
src/security/security_monitor.py:846: error: Function is missing a return type annotation  [no-untyped-def]
src/security/security_monitor.py:846: note: Use "-> None" if function does not return a value
src/security/security_monitor.py:852: error: Call to untyped function "main" in typed context  [no-untyped-call]
src/tools/omnimind_tools.py:905: error: Name "threading" is not defined  [name-defined]
src/tools/omnimind_tools.py:937: error: Name "threading" is not defined  [name-defined]
src/scaling/redis_cluster_manager.py:37: error: Cannot assign to a type  [misc]
src/scaling/redis_cluster_manager.py:37: error: Incompatible types in assignment (expression has type "None", variable has type "type[RedisCluster]")  [assignment]
src/scaling/redis_cluster_manager.py:38: error: Cannot assign to a type  [misc]
src/scaling/redis_cluster_manager.py:38: error: Incompatible types in assignment (expression has type "None", variable has type "type[Sentinel]")  [assignment]
src/scaling/redis_cluster_manager.py:162: error: Argument "startup_nodes" to "RedisCluster" has incompatible type "list[dict[str, Any]]"; expected "list[ClusterNode] | None"  [arg-type]
src/scaling/redis_cluster_manager.py:178: error: Call to untyped function "Sentinel" in typed context  [no-untyped-call]
src/scaling/redis_cluster_manager.py:326: error: Argument 1 to "list" has incompatible type "Awaitable[Any] | Any"; expected "Iterable[Any | None]"  [arg-type]
src/scaling/redis_cluster_manager.py:388: error: Item "Awaitable[Any]" of "Awaitable[Any] | Any" has no attribute "get"  [union-attr]
src/scaling/redis_cluster_manager.py:389: error: Item "Awaitable[Any]" of "Awaitable[Any] | Any" has no attribute "get"  [union-attr]
src/scaling/redis_cluster_manager.py:390: error: Item "Awaitable[Any]" of "Awaitable[Any] | Any" has no attribute "get"  [union-attr]
src/scaling/redis_cluster_manager.py:391: error: Item "Awaitable[Any]" of "Awaitable[Any] | Any" has no attribute "get"  [union-attr]
src/scaling/redis_cluster_manager.py:392: error: Item "Awaitable[Any]" of "Awaitable[Any] | Any" has no attribute "get"  [union-attr]
src/scaling/redis_cluster_manager.py:395: error: Item "Awaitable[Any]" of "Awaitable[Any] | Any" has no attribute "split"  [union-attr]
src/observability/opentelemetry_integration.py:113: error: "None" has no attribute "info"  [attr-defined]
src/observability/opentelemetry_integration.py:126: error: "None" has no attribute "warning"  [attr-defined]
src/observability/opentelemetry_integration.py:145: error: "None" has no attribute "info"  [attr-defined]
src/observability/opentelemetry_integration.py:166: error: "None" has no attribute "debug"  [attr-defined]
src/observability/opentelemetry_integration.py:172: error: "None" has no attribute "debug"  [attr-defined]
src/observability/opentelemetry_integration.py:174: error: "None" has no attribute "warning"  [attr-defined]
src/observability/opentelemetry_integration.py:181: error: "None" has no attribute "info"  [attr-defined]
src/observability/opentelemetry_integration.py:186: error: "None" has no attribute "warning"  [attr-defined]
src/observability/opentelemetry_integration.py:192: error: "None" has no attribute "info"  [attr-defined]
src/observability/opentelemetry_integration.py:197: error: "None" has no attribute "warning"  [attr-defined]
src/observability/opentelemetry_integration.py:227: error: "None" has no attribute "debug"  [attr-defined]
src/observability/opentelemetry_integration.py:230: error: "None" has no attribute "warning"  [attr-defined]
src/observability/opentelemetry_integration.py:275: error: Unused "type: ignore" comment  [unused-ignore]
src/observability/opentelemetry_integration.py:276: error: "None" has no attribute "debug"  [attr-defined]
src/observability/opentelemetry_integration.py:279: error: Unused "type: ignore" comment  [unused-ignore]
src/observability/opentelemetry_integration.py:280: error: "None" has no attribute "debug"  [attr-defined]
src/observability/opentelemetry_integration.py:283: error: "None" has no attribute "info"  [attr-defined]
src/observability/opentelemetry_integration.py:286: error: "None" has no attribute "error"  [attr-defined]
src/agents/react_agent.py:99: error: Name "get_message_bus" is not defined  [name-defined]
src/agents/react_agent.py:373: error: Name "MessageType" is not defined  [name-defined]
src/agents/react_agent.py:375: error: Name "MessagePriority" is not defined  [name-defined]
src/agents/react_agent.py:386: error: Name "AgentMessage" is not defined  [name-defined]
src/agents/react_agent.py:396: error: Name "AgentMessage" is not defined  [name-defined]
Found 220 errors in 30 files (checked 147 source files)
